2022-07-25 10:42:16,204 -- DEBUG -- Using proactor: IocpProactor - 626 --proactor_events.py 
2022-07-25 10:42:16,220 -- DEBUG -- Starting new HTTPS connection (1): api.coingecko.com:443 - 1003 --connectionpool.py 
2022-07-25 10:42:16,380 -- DEBUG -- https://api.coingecko.com:443 "GET /api/v3/coins/list?include_platform=false HTTP/1.1" 200 None - 456 --connectionpool.py 
2022-07-25 10:42:16,451 -- DEBUG -- Starting new HTTPS connection (1): api.coingecko.com:443 - 1003 --connectionpool.py 
2022-07-25 10:42:16,671 -- DEBUG -- https://api.coingecko.com:443 "GET /api/v3/coins/01coin HTTP/1.1" 200 None - 456 --connectionpool.py 
2022-07-25 10:42:16,740 -- DEBUG -- Starting new HTTPS connection (1): api.coingecko.com:443 - 1003 --connectionpool.py 
2022-07-25 10:42:16,887 -- DEBUG -- https://api.coingecko.com:443 "GET /api/v3/coins/0-5x-long-algorand-token HTTP/1.1" 200 None - 456 --connectionpool.py 
2022-07-25 10:42:16,899 -- DEBUG -- Starting new HTTPS connection (1): api.coingecko.com:443 - 1003 --connectionpool.py 
2022-07-25 10:42:17,092 -- DEBUG -- https://api.coingecko.com:443 "GET /api/v3/coins/0-5x-long-altcoin-index-token HTTP/1.1" 200 None - 456 --connectionpool.py 
2022-07-25 10:42:17,104 -- DEBUG -- Starting new HTTPS connection (1): api.coingecko.com:443 - 1003 --connectionpool.py 
2022-07-25 10:42:17,339 -- DEBUG -- https://api.coingecko.com:443 "GET /api/v3/coins/0-5x-long-ascendex-token-token HTTP/1.1" 200 None - 456 --connectionpool.py 
2022-07-25 10:42:17,353 -- DEBUG -- Starting new HTTPS connection (1): api.coingecko.com:443 - 1003 --connectionpool.py 
2022-07-25 10:42:17,510 -- DEBUG -- https://api.coingecko.com:443 "GET /api/v3/coins/0-5x-long-bitcoin-cash-token HTTP/1.1" 200 None - 456 --connectionpool.py 
2022-07-25 10:42:17,529 -- DEBUG -- Starting new HTTPS connection (1): api.coingecko.com:443 - 1003 --connectionpool.py 
2022-07-25 10:42:17,756 -- DEBUG -- https://api.coingecko.com:443 "GET /api/v3/coins/0-5x-long-bitcoin-token HTTP/1.1" 200 None - 456 --connectionpool.py 
2022-07-25 10:42:17,774 -- DEBUG -- Starting new HTTPS connection (1): api.coingecko.com:443 - 1003 --connectionpool.py 
2022-07-25 10:42:17,931 -- DEBUG -- https://api.coingecko.com:443 "GET /api/v3/coins/0-5x-long-cardano-token HTTP/1.1" 200 None - 456 --connectionpool.py 
2022-07-25 10:42:17,948 -- DEBUG -- Starting new HTTPS connection (1): api.coingecko.com:443 - 1003 --connectionpool.py 
2022-07-25 10:42:18,216 -- DEBUG -- https://api.coingecko.com:443 "GET /api/v3/coins/0-5x-long-chainlink-token HTTP/1.1" 200 None - 456 --connectionpool.py 
2022-07-25 10:42:18,229 -- DEBUG -- Starting new HTTPS connection (1): api.coingecko.com:443 - 1003 --connectionpool.py 
2022-07-25 10:42:18,410 -- DEBUG -- https://api.coingecko.com:443 "GET /api/v3/coins/0-5x-long-cosmos-token HTTP/1.1" 200 None - 456 --connectionpool.py 
2022-07-25 10:42:18,424 -- DEBUG -- Starting new HTTPS connection (1): api.coingecko.com:443 - 1003 --connectionpool.py 
2022-07-25 10:42:18,593 -- DEBUG -- https://api.coingecko.com:443 "GET /api/v3/coins/0-5x-long-dogecoin-token HTTP/1.1" 200 None - 456 --connectionpool.py 
2022-07-25 10:42:18,609 -- DEBUG -- Starting new HTTPS connection (1): api.coingecko.com:443 - 1003 --connectionpool.py 
2022-07-25 10:42:18,770 -- DEBUG -- https://api.coingecko.com:443 "GET /api/v3/coins/0-5x-long-eos-token HTTP/1.1" 200 None - 456 --connectionpool.py 
2022-07-25 10:42:18,786 -- DEBUG -- Starting new HTTPS connection (1): api.coingecko.com:443 - 1003 --connectionpool.py 
2022-07-25 10:42:18,963 -- DEBUG -- https://api.coingecko.com:443 "GET /api/v3/coins/0-5x-long-ethereum-classic-token HTTP/1.1" 200 None - 456 --connectionpool.py 
2022-07-25 10:42:18,979 -- DEBUG -- Starting new HTTPS connection (1): api.coingecko.com:443 - 1003 --connectionpool.py 
